<?xml version="1.0" encoding="UTF-8"?>
<!-- Generated by org.testng.reporters.JUnitXMLReporter -->
<testsuite hostname="Lakshmareddy" ignored="0" name="Test" tests="3" failures="0" timestamp="2021-06-01T14:19:21 IST" time="67.449" errors="0">
  <testcase name="loginToApp" time="3.382" classname="com.haltungcrm.action.ValidLoginTest"/>
  <testcase name="verifyCampaignTest" time="28.013" classname="com.haltungcrm.action.VerifyCampaignCreation"/>
  <testcase name="VerifyEditButtonTest" time="3.921" classname="com.haltungcrm.action.VerifyEditButton"/>
</testsuite> <!-- Test -->
