<?xml version="1.0" encoding="UTF-8"?>
<testng-results skipped="0" failed="0" ignored="0" total="1" passed="1">
  <reporter-output>
    <line>
      <![CDATA[Default testTest Runner Started]]>
    </line>
    <line>
      <![CDATA[LoginPage is Displayed]]>
    </line>
    <line>
      <![CDATA[verifyCampaignTestStarted]]>
    </line>
    <line>
      <![CDATA[ Home Page is Displayed]]>
    </line>
    <line>
      <![CDATA[Custom View Page is Displayed]]>
    </line>
    <line>
      <![CDATA[Create Campaign Page is Displayed]]>
    </line>
  </reporter-output>
  <suite name="Default suite" duration-ms="32433" started-at="2021-06-07T12:40:00 IST" finished-at="2021-06-07T12:40:32 IST">
    <groups>
    </groups>
    <test name="Default test" duration-ms="32433" started-at="2021-06-07T12:40:00 IST" finished-at="2021-06-07T12:40:32 IST">
      <class name="com.haltungcrm.action.VerifyCampaignCreation">
        <test-method status="PASS" signature="openBrowser()[pri:0, instance:com.haltungcrm.action.VerifyCampaignCreation@544a2ea6]" name="openBrowser" is-config="true" duration-ms="17128" started-at="2021-06-07T12:40:00 IST" finished-at="2021-06-07T12:40:17 IST">
          <reporter-output>
            <line>
              <![CDATA[LoginPage is Displayed]]>
            </line>
          </reporter-output>
        </test-method> <!-- openBrowser -->
        <test-method status="PASS" signature="verifyCampaignTest()[pri:0, instance:com.haltungcrm.action.VerifyCampaignCreation@544a2ea6]" name="verifyCampaignTest" duration-ms="14975" started-at="2021-06-07T12:40:17 IST" finished-at="2021-06-07T12:40:32 IST">
          <reporter-output>
            <line>
              <![CDATA[verifyCampaignTestStarted]]>
            </line>
            <line>
              <![CDATA[ Home Page is Displayed]]>
            </line>
            <line>
              <![CDATA[Custom View Page is Displayed]]>
            </line>
            <line>
              <![CDATA[Create Campaign Page is Displayed]]>
            </line>
          </reporter-output>
        </test-method> <!-- verifyCampaignTest -->
      </class> <!-- com.haltungcrm.action.VerifyCampaignCreation -->
    </test> <!-- Default test -->
  </suite> <!-- Default suite -->
</testng-results>
