<?xml version="1.0" encoding="UTF-8"?>
<testng-results skipped="0" failed="0" ignored="0" total="1" passed="1">
  <reporter-output>
    <line>
      <![CDATA[Default testTest Runner Started]]>
    </line>
    <line>
      <![CDATA[LoginPage is Displayed]]>
    </line>
    <line>
      <![CDATA[VerifyEditButtonTestStarted]]>
    </line>
    <line>
      <![CDATA[Home Page is Displayed]]>
    </line>
    <line>
      <![CDATA[Displaying Custom View Details is Displayed]]>
    </line>
    <line>
      <![CDATA[Create Campaign Page is Displayed]]>
    </line>
  </reporter-output>
  <suite name="Default suite" duration-ms="13209" started-at="2021-06-07T12:34:35 IST" finished-at="2021-06-07T12:34:48 IST">
    <groups>
    </groups>
    <test name="Default test" duration-ms="13209" started-at="2021-06-07T12:34:35 IST" finished-at="2021-06-07T12:34:48 IST">
      <class name="com.haltungcrm.action.VerifyEditButton">
        <test-method status="PASS" signature="openBrowser()[pri:0, instance:com.haltungcrm.action.VerifyEditButton@544a2ea6]" name="openBrowser" is-config="true" duration-ms="7181" started-at="2021-06-07T12:34:35 IST" finished-at="2021-06-07T12:34:42 IST">
          <reporter-output>
            <line>
              <![CDATA[LoginPage is Displayed]]>
            </line>
          </reporter-output>
        </test-method> <!-- openBrowser -->
        <test-method status="PASS" signature="VerifyEditButtonTest()[pri:0, instance:com.haltungcrm.action.VerifyEditButton@544a2ea6]" name="VerifyEditButtonTest" duration-ms="5713" started-at="2021-06-07T12:34:42 IST" finished-at="2021-06-07T12:34:48 IST">
          <reporter-output>
            <line>
              <![CDATA[VerifyEditButtonTestStarted]]>
            </line>
            <line>
              <![CDATA[Home Page is Displayed]]>
            </line>
            <line>
              <![CDATA[Displaying Custom View Details is Displayed]]>
            </line>
            <line>
              <![CDATA[Create Campaign Page is Displayed]]>
            </line>
          </reporter-output>
        </test-method> <!-- VerifyEditButtonTest -->
      </class> <!-- com.haltungcrm.action.VerifyEditButton -->
    </test> <!-- Default test -->
  </suite> <!-- Default suite -->
</testng-results>
